# JRE version: Java(TM) SE Runtime Environment (8.0_40-b25) (build 1.8.0_40-b25)
# Java VM: Java HotSpot(TM) 64-Bit Server VM (25.40-b25 mixed mode windows-amd64 compressed oops)
Heap:
 PSYoungGen      total 676864K, used 468271K [0x000000076ab00000, 0x00000007a0400000, 0x00000007c0000000)
  eden space 502784K, 58% used [0x000000076ab00000,0x000000077ca4f9f0,0x0000000789600000)
  from space 174080K, 99% used [0x0000000789600000,0x0000000793ffc600,0x0000000794000000)
  to   space 152064K, 0% used [0x0000000794000000,0x0000000794000000,0x000000079d480000)
 ParOldGen       total 487424K, used 366049K [0x00000006c0000000, 0x00000006ddc00000, 0x000000076ab00000)
  object space 487424K, 75% used [0x00000006c0000000,0x00000006d65787f8,0x00000006ddc00000)
 Metaspace       used 6688K, capacity 7320K, committed 7680K, reserved 1056768K
  class space    used 625K, capacity 656K, committed 768K, reserved 1048576K
GC Heap History (10 events):
Event: 38.384 GC heap before
{Heap before GC invocations=18 (full 4):
 PSYoungGen      total 462848K, used 424246K [0x000000076ab00000, 0x0000000794780000, 0x00000007c0000000)
  eden space 381440K, 100% used [0x000000076ab00000,0x0000000781f80000,0x0000000781f80000)
  from space 81408K, 52% used [0x0000000781f80000,0x000000078494d968,0x0000000786f00000)
  to   space 112640K, 0% used [0x000000078d980000,0x000000078d980000,0x0000000794780000)
 ParOldGen       total 339968K, used 225282K [0x00000006c0000000, 0x00000006d4c00000, 0x000000076ab00000)
  object space 339968K, 66% used [0x00000006c0000000,0x00000006cdc00a40,0x00000006d4c00000)
 Metaspace       used 6596K, capacity 7320K, committed 7680K, reserved 1056768K
  class space    used 619K, capacity 656K, committed 768K, reserved 1048576K
Event: 39.211 GC heap after
Heap after GC invocations=18 (full 4):
 PSYoungGen      total 561664K, used 78224K [0x000000076ab00000, 0x0000000794b80000, 0x00000007c0000000)
  eden space 449024K, 0% used [0x000000076ab00000,0x000000076ab00000,0x0000000786180000)
  from space 112640K, 69% used [0x000000078d980000,0x00000007925e4270,0x0000000794780000)
  to   space 119808K, 0% used [0x0000000786180000,0x0000000786180000,0x000000078d680000)
 ParOldGen       total 339968K, used 250241K [0x00000006c0000000, 0x00000006d4c00000, 0x000000076ab00000)
  object space 339968K, 73% used [0x00000006c0000000,0x00000006cf4605e8,0x00000006d4c00000)
 Metaspace       used 6596K, capacity 7320K, committed 7680K, reserved 1056768K
  class space    used 619K, capacity 656K, committed 768K, reserved 1048576K
}
Event: 43.669 GC heap before
{Heap before GC invocations=19 (full 4):
 PSYoungGen      total 561664K, used 527248K [0x000000076ab00000, 0x0000000794b80000, 0x00000007c0000000)
  eden space 449024K, 100% used [0x000000076ab00000,0x0000000786180000,0x0000000786180000)
  from space 112640K, 69% used [0x000000078d980000,0x00000007925e4270,0x0000000794780000)
  to   space 119808K, 0% used [0x0000000786180000,0x0000000786180000,0x000000078d680000)
 ParOldGen       total 339968K, used 250241K [0x00000006c0000000, 0x00000006d4c00000, 0x000000076ab00000)
  object space 339968K, 73% used [0x00000006c0000000,0x00000006cf4605e8,0x00000006d4c00000)
 Metaspace       used 6598K, capacity 7320K, committed 7680K, reserved 1056768K
  class space    used 620K, capacity 656K, committed 768K, reserved 1048576K
Event: 44.119 GC heap after
Heap after GC invocations=19 (full 4):
 PSYoungGen      total 568832K, used 119784K [0x000000076ab00000, 0x000000079d480000, 0x00000007c0000000)
  eden space 449024K, 0% used [0x000000076ab00000,0x000000076ab00000,0x0000000786180000)
  from space 119808K, 99% used [0x0000000786180000,0x000000078d67a030,0x000000078d680000)
  to   space 152064K, 0% used [0x0000000794000000,0x0000000794000000,0x000000079d480000)
 ParOldGen       total 339968K, used 281197K [0x00000006c0000000, 0x00000006d4c00000, 0x000000076ab00000)
  object space 339968K, 82% used [0x00000006c0000000,0x00000006d129b510,0x00000006d4c00000)
 Metaspace       used 6598K, capacity 7320K, committed 7680K, reserved 1056768K
  class space    used 620K, capacity 656K, committed 768K, reserved 1048576K
}
Event: 47.671 GC heap before
{Heap before GC invocations=20 (full 4):
 PSYoungGen      total 568832K, used 568808K [0x000000076ab00000, 0x000000079d480000, 0x00000007c0000000)
  eden space 449024K, 100% used [0x000000076ab00000,0x0000000786180000,0x0000000786180000)
  from space 119808K, 99% used [0x0000000786180000,0x000000078d67a030,0x000000078d680000)
  to   space 152064K, 0% used [0x0000000794000000,0x0000000794000000,0x000000079d480000)
 ParOldGen       total 339968K, used 281197K [0x00000006c0000000, 0x00000006d4c00000, 0x000000076ab00000)
  object space 339968K, 82% used [0x00000006c0000000,0x00000006d129b510,0x00000006d4c00000)
 Metaspace       used 6603K, capacity 7320K, committed 7680K, reserved 1056768K
  class space    used 620K, capacity 656K, committed 768K, reserved 1048576K
Event: 48.332 GC heap after
Heap after GC invocations=20 (full 4):
 PSYoungGen      total 654848K, used 138846K [0x000000076ab00000, 0x00000007a0400000, 0x00000007c0000000)
  eden space 502784K, 0% used [0x000000076ab00000,0x000000076ab00000,0x0000000789600000)
  from space 152064K, 91% used [0x0000000794000000,0x000000079c7978c0,0x000000079d480000)
  to   space 174080K, 0% used [0x0000000789600000,0x0000000789600000,0x0000000794000000)
 ParOldGen       total 339968K, used 332688K [0x00000006c0000000, 0x00000006d4c00000, 0x000000076ab00000)
  object space 339968K, 97% used [0x00000006c0000000,0x00000006d44e4118,0x00000006d4c00000)
 Metaspace       used 6603K, capacity 7320K, committed 7680K, reserved 1056768K
  class space    used 620K, capacity 656K, committed 768K, reserved 1048576K
}
Event: 48.333 GC heap before
{Heap before GC invocations=21 (full 5):
 PSYoungGen      total 654848K, used 138846K [0x000000076ab00000, 0x00000007a0400000, 0x00000007c0000000)
  eden space 502784K, 0% used [0x000000076ab00000,0x000000076ab00000,0x0000000789600000)
  from space 152064K, 91% used [0x0000000794000000,0x000000079c7978c0,0x000000079d480000)
  to   space 174080K, 0% used [0x0000000789600000,0x0000000789600000,0x0000000794000000)
 ParOldGen       total 339968K, used 332688K [0x00000006c0000000, 0x00000006d4c00000, 0x000000076ab00000)
  object space 339968K, 97% used [0x00000006c0000000,0x00000006d44e4118,0x00000006d4c00000)
 Metaspace       used 6603K, capacity 7320K, committed 7680K, reserved 1056768K
  class space    used 620K, capacity 656K, committed 768K, reserved 1048576K
Event: 52.735 GC heap after
Heap after GC invocations=21 (full 5):
 PSYoungGen      total 654848K, used 122463K [0x000000076ab00000, 0x00000007a0400000, 0x00000007c0000000)
  eden space 502784K, 0% used [0x000000076ab00000,0x000000076ab00000,0x0000000789600000)
  from space 152064K, 80% used [0x0000000794000000,0x000000079b797c78,0x000000079d480000)
  to   space 174080K, 0% used [0x0000000789600000,0x0000000789600000,0x0000000794000000)
 ParOldGen       total 487424K, used 339467K [0x00000006c0000000, 0x00000006ddc00000, 0x000000076ab00000)
  object space 487424K, 69% used [0x00000006c0000000,0x00000006d4b82c18,0x00000006ddc00000)
 Metaspace       used 6603K, capacity 7320K, committed 7680K, reserved 1056768K
  class space    used 620K, capacity 656K, committed 768K, reserved 1048576K
}
Event: 54.753 GC heap before
{Heap before GC invocations=22 (full 5):
 PSYoungGen      total 654848K, used 625247K [0x000000076ab00000, 0x00000007a0400000, 0x00000007c0000000)
  eden space 502784K, 100% used [0x000000076ab00000,0x0000000789600000,0x0000000789600000)
  from space 152064K, 80% used [0x0000000794000000,0x000000079b797c78,0x000000079d480000)
  to   space 174080K, 0% used [0x0000000789600000,0x0000000789600000,0x0000000794000000)
 ParOldGen       total 487424K, used 339467K [0x00000006c0000000, 0x00000006ddc00000, 0x000000076ab00000)
  object space 487424K, 69% used [0x00000006c0000000,0x00000006d4b82c18,0x00000006ddc00000)
 Metaspace       used 6612K, capacity 7320K, committed 7680K, reserved 1056768K
  class space    used 620K, capacity 656K, committed 768K, reserved 1048576K
Event: 55.149 GC heap after
Heap after GC invocations=22 (full 5):
 PSYoungGen      total 676864K, used 174065K [0x000000076ab00000, 0x00000007a0400000, 0x00000007c0000000)
  eden space 502784K, 0% used [0x000000076ab00000,0x000000076ab00000,0x0000000789600000)
  from space 174080K, 99% used [0x0000000789600000,0x0000000793ffc600,0x0000000794000000)
  to   space 152064K, 0% used [0x0000000794000000,0x0000000794000000,0x000000079d480000)
 ParOldGen       total 487424K, used 366049K [0x00000006c0000000, 0x00000006ddc00000, 0x000000076ab00000)
  object space 487424K, 75% used [0x00000006c0000000,0x00000006d65787f8,0x00000006ddc00000)
 Metaspace       used 6612K, capacity 7320K, committed 7680K, reserved 1056768K
  class space    used 620K, capacity 656K, committed 768K, reserved 1048576K
}

