# JRE version: Java(TM) SE Runtime Environment (8.0_40-b25) (build 1.8.0_40-b25)
# Java VM: Java HotSpot(TM) 64-Bit Server VM (25.40-b25 mixed mode windows-amd64 compressed oops)
Heap:
 PSYoungGen      total 660992K, used 526811K [0x000000076ab00000, 0x000000079bd80000, 0x00000007c0000000)
  eden space 539136K, 97% used [0x000000076ab00000,0x000000078ad76de8,0x000000078b980000)
  from space 121856K, 0% used [0x0000000793280000,0x0000000793280000,0x000000079a980000)
  to   space 123904K, 0% used [0x000000078b980000,0x000000078b980000,0x0000000793280000)
 ParOldGen       total 407552K, used 407455K [0x00000006c0000000, 0x00000006d8e00000, 0x000000076ab00000)
  object space 407552K, 99% used [0x00000006c0000000,0x00000006d8de7e10,0x00000006d8e00000)
 Metaspace       used 6978K, capacity 7608K, committed 7936K, reserved 1056768K
  class space    used 640K, capacity 688K, committed 768K, reserved 1048576K
GC Heap History (10 events):
Event: 30.328 GC heap before
{Heap before GC invocations=18 (full 4):
 PSYoungGen      total 534528K, used 57192K [0x000000076ab00000, 0x0000000792680000, 0x00000007c0000000)
  eden space 442880K, 0% used [0x000000076ab00000,0x000000076ab00000,0x0000000785b80000)
  from space 91648K, 62% used [0x000000078b800000,0x000000078efda030,0x0000000791180000)
  to   space 94720K, 0% used [0x0000000785b80000,0x0000000785b80000,0x000000078b800000)
 ParOldGen       total 270336K, used 270307K [0x00000006c0000000, 0x00000006d0800000, 0x000000076ab00000)
  object space 270336K, 99% used [0x00000006c0000000,0x00000006d07f8db0,0x00000006d0800000)
 Metaspace       used 6605K, capacity 7320K, committed 7680K, reserved 1056768K
  class space    used 621K, capacity 656K, committed 768K, reserved 1048576K
Event: 33.356 GC heap after
Heap after GC invocations=18 (full 4):
 PSYoungGen      total 534528K, used 52226K [0x000000076ab00000, 0x0000000792680000, 0x00000007c0000000)
  eden space 442880K, 0% used [0x000000076ab00000,0x000000076ab00000,0x0000000785b80000)
  from space 91648K, 56% used [0x000000078b800000,0x000000078eb00a48,0x0000000791180000)
  to   space 94720K, 0% used [0x0000000785b80000,0x0000000785b80000,0x000000078b800000)
 ParOldGen       total 407552K, used 270238K [0x00000006c0000000, 0x00000006d8e00000, 0x000000076ab00000)
  object space 407552K, 66% used [0x00000006c0000000,0x00000006d07e7ac0,0x00000006d8e00000)
 Metaspace       used 6605K, capacity 7320K, committed 7680K, reserved 1056768K
  class space    used 621K, capacity 656K, committed 768K, reserved 1048576K
}
Event: 35.695 GC heap before
{Heap before GC invocations=19 (full 4):
 PSYoungGen      total 534528K, used 495106K [0x000000076ab00000, 0x0000000792680000, 0x00000007c0000000)
  eden space 442880K, 100% used [0x000000076ab00000,0x0000000785b80000,0x0000000785b80000)
  from space 91648K, 56% used [0x000000078b800000,0x000000078eb00a48,0x0000000791180000)
  to   space 94720K, 0% used [0x0000000785b80000,0x0000000785b80000,0x000000078b800000)
 ParOldGen       total 407552K, used 270238K [0x00000006c0000000, 0x00000006d8e00000, 0x000000076ab00000)
  object space 407552K, 66% used [0x00000006c0000000,0x00000006d07e7ac0,0x00000006d8e00000)
 Metaspace       used 6605K, capacity 7320K, committed 7680K, reserved 1056768K
  class space    used 621K, capacity 656K, committed 768K, reserved 1048576K
Event: 36.136 GC heap after
Heap after GC invocations=19 (full 4):
 PSYoungGen      total 537600K, used 94710K [0x000000076ab00000, 0x000000079a980000, 0x00000007c0000000)
  eden space 442880K, 0% used [0x000000076ab00000,0x000000076ab00000,0x0000000785b80000)
  from space 94720K, 99% used [0x0000000785b80000,0x000000078b7fd898,0x000000078b800000)
  to   space 121856K, 0% used [0x0000000793280000,0x0000000793280000,0x000000079a980000)
 ParOldGen       total 407552K, used 301021K [0x00000006c0000000, 0x00000006d8e00000, 0x000000076ab00000)
  object space 407552K, 73% used [0x00000006c0000000,0x00000006d25f7598,0x00000006d8e00000)
 Metaspace       used 6605K, capacity 7320K, committed 7680K, reserved 1056768K
  class space    used 621K, capacity 656K, committed 768K, reserved 1048576K
}
Event: 38.098 GC heap before
{Heap before GC invocations=20 (full 4):
 PSYoungGen      total 537600K, used 537590K [0x000000076ab00000, 0x000000079a980000, 0x00000007c0000000)
  eden space 442880K, 100% used [0x000000076ab00000,0x0000000785b80000,0x0000000785b80000)
  from space 94720K, 99% used [0x0000000785b80000,0x000000078b7fd898,0x000000078b800000)
  to   space 121856K, 0% used [0x0000000793280000,0x0000000793280000,0x000000079a980000)
 ParOldGen       total 407552K, used 301021K [0x00000006c0000000, 0x00000006d8e00000, 0x000000076ab00000)
  object space 407552K, 73% used [0x00000006c0000000,0x00000006d25f7598,0x00000006d8e00000)
 Metaspace       used 6616K, capacity 7320K, committed 7680K, reserved 1056768K
  class space    used 621K, capacity 656K, committed 768K, reserved 1048576K
Event: 38.867 GC heap after
Heap after GC invocations=20 (full 4):
 PSYoungGen      total 660992K, used 70759K [0x000000076ab00000, 0x000000079bd80000, 0x00000007c0000000)
  eden space 539136K, 0% used [0x000000076ab00000,0x000000076ab00000,0x000000078b980000)
  from space 121856K, 58% used [0x0000000793280000,0x0000000797799dc8,0x000000079a980000)
  to   space 123904K, 0% used [0x000000078b980000,0x000000078b980000,0x0000000793280000)
 ParOldGen       total 407552K, used 396207K [0x00000006c0000000, 0x00000006d8e00000, 0x000000076ab00000)
  object space 407552K, 97% used [0x00000006c0000000,0x00000006d82ebf38,0x00000006d8e00000)
 Metaspace       used 6616K, capacity 7320K, committed 7680K, reserved 1056768K
  class space    used 621K, capacity 656K, committed 768K, reserved 1048576K
}
Event: 38.867 GC heap before
{Heap before GC invocations=21 (full 5):
 PSYoungGen      total 660992K, used 70759K [0x000000076ab00000, 0x000000079bd80000, 0x00000007c0000000)
  eden space 539136K, 0% used [0x000000076ab00000,0x000000076ab00000,0x000000078b980000)
  from space 121856K, 58% used [0x0000000793280000,0x0000000797799dc8,0x000000079a980000)
  to   space 123904K, 0% used [0x000000078b980000,0x000000078b980000,0x0000000793280000)
 ParOldGen       total 407552K, used 396207K [0x00000006c0000000, 0x00000006d8e00000, 0x000000076ab00000)
  object space 407552K, 97% used [0x00000006c0000000,0x00000006d82ebf38,0x00000006d8e00000)
 Metaspace       used 6616K, capacity 7320K, committed 7680K, reserved 1056768K
  class space    used 621K, capacity 656K, committed 768K, reserved 1048576K
Event: 42.260 GC heap after
Heap after GC invocations=21 (full 5):
 PSYoungGen      total 660992K, used 54532K [0x000000076ab00000, 0x000000079bd80000, 0x00000007c0000000)
  eden space 539136K, 0% used [0x000000076ab00000,0x000000076ab00000,0x000000078b980000)
  from space 121856K, 44% used [0x0000000793280000,0x00000007967c12d8,0x000000079a980000)
  to   space 123904K, 0% used [0x000000078b980000,0x000000078b980000,0x0000000793280000)
 ParOldGen       total 407552K, used 407395K [0x00000006c0000000, 0x00000006d8e00000, 0x000000076ab00000)
  object space 407552K, 99% used [0x00000006c0000000,0x00000006d8dd8d50,0x00000006d8e00000)
 Metaspace       used 6616K, capacity 7320K, committed 7680K, reserved 1056768K
  class space    used 621K, capacity 656K, committed 768K, reserved 1048576K
}
Event: 43.876 GC heap before
{Heap before GC invocations=22 (full 6):
 PSYoungGen      total 660992K, used 593668K [0x000000076ab00000, 0x000000079bd80000, 0x00000007c0000000)
  eden space 539136K, 100% used [0x000000076ab00000,0x000000078b980000,0x000000078b980000)
  from space 121856K, 44% used [0x0000000793280000,0x00000007967c12d8,0x000000079a980000)
  to   space 123904K, 0% used [0x000000078b980000,0x000000078b980000,0x0000000793280000)
 ParOldGen       total 407552K, used 407395K [0x00000006c0000000, 0x00000006d8e00000, 0x000000076ab00000)
  object space 407552K, 99% used [0x00000006c0000000,0x00000006d8dd8d50,0x00000006d8e00000)
 Metaspace       used 6620K, capacity 7320K, committed 7680K, reserved 1056768K
  class space    used 621K, capacity 656K, committed 768K, reserved 1048576K
Event: 47.434 GC heap after
Heap after GC invocations=22 (full 6):
 PSYoungGen      total 660992K, used 134450K [0x000000076ab00000, 0x000000079bd80000, 0x00000007c0000000)
  eden space 539136K, 24% used [0x000000076ab00000,0x0000000772e4cbc0,0x000000078b980000)
  from space 121856K, 0% used [0x0000000793280000,0x0000000793280000,0x000000079a980000)
  to   space 123904K, 0% used [0x000000078b980000,0x000000078b980000,0x0000000793280000)
 ParOldGen       total 407552K, used 407455K [0x00000006c0000000, 0x00000006d8e00000, 0x000000076ab00000)
  object space 407552K, 99% used [0x00000006c0000000,0x00000006d8de7e10,0x00000006d8e00000)
 Metaspace       used 6620K, capacity 7320K, committed 7680K, reserved 1056768K
  class space    used 621K, capacity 656K, committed 768K, reserved 1048576K
}

